Oct 07, 2017 6:22:05 PM Logs.Log generateLogFileServer
INFO: Get account count
Oct 07, 2017 6:22:05 PM Logs.Log generateLogFileServer
INFO: Deposit made for BCC1000
Oct 07, 2017 6:23:27 PM Logs.Log generateLogFileServer
INFO: Deposit failed BCCC1000
Oct 07, 2017 6:23:49 PM Logs.Log generateLogFileServer
INFO: Deposit made for BCC1000
Oct 07, 2017 6:23:49 PM Logs.Log generateLogFileServer
INFO: Get balance for BCC1000
Oct 07, 2017 6:48:58 PM Logs.Log generateLogFileServer
INFO: Account created BCC1000
Oct 07, 2017 6:48:58 PM Logs.Log generateLogFileServer
INFO: Account created BCC1001
Oct 07, 2017 6:48:58 PM Logs.Log generateLogFileServer
INFO: Account created BCC1002
Oct 07, 2017 6:48:58 PM Logs.Log generateLogFileServer
INFO: Account created BCC1003
Oct 07, 2017 6:48:58 PM Logs.Log generateLogFileServer
INFO: Get account count
Oct 07, 2017 6:48:58 PM Logs.Log generateLogFileServer
INFO: Deposit made for BCC1000
Oct 07, 2017 6:52:25 PM Logs.Log generateLogFileServer
INFO: Account created BCC1000
Oct 07, 2017 6:52:25 PM Logs.Log generateLogFileServer
INFO: Account created BCC1001
Oct 07, 2017 6:52:25 PM Logs.Log generateLogFileServer
INFO: Account created BCC1002
Oct 07, 2017 6:52:25 PM Logs.Log generateLogFileServer
INFO: Account created BCC1003
Oct 07, 2017 6:52:26 PM Logs.Log generateLogFileServer
INFO: Get account count
Oct 07, 2017 6:52:26 PM Logs.Log generateLogFileServer
INFO: Deposit made for BCC1000
Oct 07, 2017 7:32:03 PM Logs.Log generateLogFileServer
INFO: Account created BCC1000
Oct 07, 2017 7:32:03 PM Logs.Log generateLogFileServer
INFO: Account created BCC1001
Oct 07, 2017 7:32:03 PM Logs.Log generateLogFileServer
INFO: Account created BCC1002
Oct 07, 2017 7:32:03 PM Logs.Log generateLogFileServer
INFO: Account created BCC1003
Oct 07, 2017 7:32:03 PM Logs.Log generateLogFileServer
INFO: Get account count
Oct 07, 2017 7:32:03 PM Logs.Log generateLogFileServer
INFO: Deposit made for BCC1000
Oct 08, 2017 11:47:16 AM Logs.Log generateLogFileServer
INFO: Account created BCC1000
Oct 08, 2017 11:47:16 AM Logs.Log generateLogFileServer
INFO: Account created BCC1001
Oct 08, 2017 11:47:16 AM Logs.Log generateLogFileServer
INFO: Account created BCC1002
Oct 08, 2017 11:47:16 AM Logs.Log generateLogFileServer
INFO: Account created BCC1003
Oct 08, 2017 11:47:17 AM Logs.Log generateLogFileServer
INFO: Get account count
Oct 08, 2017 11:47:17 AM Logs.Log generateLogFileServer
INFO: Deposit made for BCC1000
Oct 08, 2017 6:15:32 PM Logs.Log generateLogFileServer
INFO: Account created BCC1000
Oct 08, 2017 6:15:32 PM Logs.Log generateLogFileServer
INFO: Account created BCC1001
Oct 08, 2017 6:15:32 PM Logs.Log generateLogFileServer
INFO: Account created BCC1002
Oct 08, 2017 6:15:32 PM Logs.Log generateLogFileServer
INFO: Account created BCC1003
Oct 08, 2017 6:15:33 PM Logs.Log generateLogFileServer
INFO: Get account count
Oct 08, 2017 6:15:33 PM Logs.Log generateLogFileServer
INFO: Deposit made for BCC1000
Oct 08, 2017 11:21:53 PM Logs.Log generateLogFileServer
INFO: Account created BCC1000
Oct 08, 2017 11:21:53 PM Logs.Log generateLogFileServer
INFO: Account created BCC1001
Oct 08, 2017 11:21:53 PM Logs.Log generateLogFileServer
INFO: Account created BCC1002
Oct 08, 2017 11:21:53 PM Logs.Log generateLogFileServer
INFO: Account created BCC1003
Oct 08, 2017 11:21:53 PM Logs.Log generateLogFileServer
INFO: Get account count
Oct 08, 2017 11:21:53 PM Logs.Log generateLogFileServer
INFO: Deposit made for BCC1000
Oct 10, 2017 4:02:31 PM Logs.Log generateLogFileServer
INFO: Account created BCC1000
Oct 10, 2017 4:02:31 PM Logs.Log generateLogFileServer
INFO: Account created BCC1001
Oct 10, 2017 4:02:31 PM Logs.Log generateLogFileServer
INFO: Account created BCC1002
Oct 10, 2017 4:02:31 PM Logs.Log generateLogFileServer
INFO: Account created BCC1003
Oct 10, 2017 4:02:31 PM Logs.Log generateLogFileServer
INFO: Get account count
Oct 10, 2017 4:02:31 PM Logs.Log generateLogFileServer
INFO: Deposit made for BCC1000
Oct 10, 2017 4:50:07 PM Logs.Log generateLogFileServer
INFO: Account created BCC1004
Oct 10, 2017 4:50:07 PM Logs.Log generateLogFileServer
INFO: Account created BCC1005
Oct 10, 2017 4:50:07 PM Logs.Log generateLogFileServer
INFO: Account created BCC1006
Oct 10, 2017 4:50:07 PM Logs.Log generateLogFileServer
INFO: Account created BCC1007
Oct 10, 2017 4:50:07 PM Logs.Log generateLogFileServer
INFO: Get account count
Oct 10, 2017 4:50:07 PM Logs.Log generateLogFileServer
INFO: Deposit made for BCC1000
Oct 10, 2017 5:48:09 PM Logs.Log generateLogFileServer
INFO: Account created BCC1000
Oct 10, 2017 5:48:09 PM Logs.Log generateLogFileServer
INFO: Account created BCC1001
Oct 10, 2017 5:48:09 PM Logs.Log generateLogFileServer
INFO: Account created BCC1002
Oct 10, 2017 5:48:09 PM Logs.Log generateLogFileServer
INFO: Account created BCC1003
Oct 10, 2017 5:48:09 PM Logs.Log generateLogFileServer
INFO: Get account count
Oct 10, 2017 5:48:09 PM Logs.Log generateLogFileServer
INFO: Deposit made for BCC1000
