Oct 07, 2017 6:48:58 PM Logs.Log generateLogFileServer
INFO: Account created NBC1000
Oct 07, 2017 6:48:58 PM Logs.Log generateLogFileServer
INFO: Account created NBC1001
Oct 07, 2017 6:48:58 PM Logs.Log generateLogFileServer
INFO: Account created NBC1002
Oct 07, 2017 6:48:58 PM Logs.Log generateLogFileServer
INFO: Account created NBC1003
Oct 07, 2017 6:48:58 PM Logs.Log generateLogFileServer
INFO: Account created NBC1004
Oct 07, 2017 6:52:25 PM Logs.Log generateLogFileServer
INFO: Account created NBC1000
Oct 07, 2017 6:52:25 PM Logs.Log generateLogFileServer
INFO: Account created NBC1001
Oct 07, 2017 6:52:25 PM Logs.Log generateLogFileServer
INFO: Account created NBC1002
Oct 07, 2017 6:52:25 PM Logs.Log generateLogFileServer
INFO: Account created NBC1003
Oct 07, 2017 6:52:25 PM Logs.Log generateLogFileServer
INFO: Account created NBC1004
Oct 07, 2017 6:53:31 PM Logs.Log generateLogFileServer
INFO: Deposit made for NBC1000
Oct 07, 2017 6:53:31 PM Logs.Log generateLogFileServer
INFO: Get balance for NBC1000
Oct 07, 2017 7:32:03 PM Logs.Log generateLogFileServer
INFO: Account created NBC1000
Oct 07, 2017 7:32:03 PM Logs.Log generateLogFileServer
INFO: Account created NBC1001
Oct 07, 2017 7:32:03 PM Logs.Log generateLogFileServer
INFO: Account created NBC1002
Oct 07, 2017 7:32:03 PM Logs.Log generateLogFileServer
INFO: Account created NBC1003
Oct 07, 2017 7:32:03 PM Logs.Log generateLogFileServer
INFO: Account created NBC1004
Oct 08, 2017 11:47:16 AM Logs.Log generateLogFileServer
INFO: Account created NBC1000
Oct 08, 2017 11:47:17 AM Logs.Log generateLogFileServer
INFO: Account created NBC1001
Oct 08, 2017 11:47:17 AM Logs.Log generateLogFileServer
INFO: Account created NBC1002
Oct 08, 2017 11:47:17 AM Logs.Log generateLogFileServer
INFO: Account created NBC1003
Oct 08, 2017 11:47:17 AM Logs.Log generateLogFileServer
INFO: Account created NBC1004
Oct 08, 2017 6:15:32 PM Logs.Log generateLogFileServer
INFO: Account created NBC1000
Oct 08, 2017 6:15:32 PM Logs.Log generateLogFileServer
INFO: Account created NBC1001
Oct 08, 2017 6:15:32 PM Logs.Log generateLogFileServer
INFO: Account created NBC1002
Oct 08, 2017 6:15:32 PM Logs.Log generateLogFileServer
INFO: Account created NBC1003
Oct 08, 2017 6:15:32 PM Logs.Log generateLogFileServer
INFO: Account created NBC1004
Oct 08, 2017 11:21:53 PM Logs.Log generateLogFileServer
INFO: Account created NBC1000
Oct 08, 2017 11:21:53 PM Logs.Log generateLogFileServer
INFO: Account created NBC1001
Oct 08, 2017 11:21:53 PM Logs.Log generateLogFileServer
INFO: Account created NBC1002
Oct 08, 2017 11:21:53 PM Logs.Log generateLogFileServer
INFO: Account created NBC1003
Oct 08, 2017 11:21:53 PM Logs.Log generateLogFileServer
INFO: Account created NBC1004
Oct 10, 2017 4:02:31 PM Logs.Log generateLogFileServer
INFO: Account created NBC1000
Oct 10, 2017 4:02:31 PM Logs.Log generateLogFileServer
INFO: Account created NBC1001
Oct 10, 2017 4:02:31 PM Logs.Log generateLogFileServer
INFO: Account created NBC1002
Oct 10, 2017 4:02:31 PM Logs.Log generateLogFileServer
INFO: Account created NBC1003
Oct 10, 2017 4:02:31 PM Logs.Log generateLogFileServer
INFO: Account created NBC1004
Oct 10, 2017 4:50:07 PM Logs.Log generateLogFileServer
INFO: Account created NBC1005
Oct 10, 2017 4:50:07 PM Logs.Log generateLogFileServer
INFO: Account created NBC1006
Oct 10, 2017 4:50:07 PM Logs.Log generateLogFileServer
INFO: Account created NBC1007
Oct 10, 2017 4:50:07 PM Logs.Log generateLogFileServer
INFO: Account created NBC1008
Oct 10, 2017 4:50:07 PM Logs.Log generateLogFileServer
INFO: Account created NBC1009
Oct 10, 2017 5:48:09 PM Logs.Log generateLogFileServer
INFO: Account created NBC1000
Oct 10, 2017 5:48:09 PM Logs.Log generateLogFileServer
INFO: Account created NBC1001
Oct 10, 2017 5:48:09 PM Logs.Log generateLogFileServer
INFO: Account created NBC1002
Oct 10, 2017 5:48:09 PM Logs.Log generateLogFileServer
INFO: Account created NBC1003
Oct 10, 2017 5:48:09 PM Logs.Log generateLogFileServer
INFO: Account created NBC1004
Oct 10, 2017 5:49:54 PM Logs.Log generateLogFileServer
INFO: Account created NBC1005
Oct 10, 2017 5:52:04 PM Logs.Log generateLogFileServer
INFO: Withdraw  NBC1005
Oct 10, 2017 5:52:04 PM Logs.Log generateLogFileServer
INFO: Get balance for NBC1005
Oct 10, 2017 5:58:29 PM Logs.Log generateLogFileServer
INFO: Account created NBC1000
