Oct 07, 2017 5:52:25 PM Logs.Log generateLogFile
INFO: deposit
Oct 07, 2017 6:01:26 PM Logs.Log generateLogFileServer
INFO: Deposit made for BCC1000
Oct 07, 2017 6:22:05 PM Logs.Log generateLogFileServer
INFO: Account created QCC1000
Oct 07, 2017 6:22:05 PM Logs.Log generateLogFileServer
INFO: Account created QCC1001
Oct 07, 2017 6:22:05 PM Logs.Log generateLogFileServer
INFO: Account created QCC1002
Oct 07, 2017 6:22:05 PM Logs.Log generateLogFileServer
INFO: Field name change for QCC1000
Oct 07, 2017 6:22:05 PM Logs.Log generateLogFileServer
INFO: Account created BCC1000
Oct 07, 2017 6:22:05 PM Logs.Log generateLogFileServer
INFO: Account created BCC1001
Oct 07, 2017 6:22:05 PM Logs.Log generateLogFileServer
INFO: Account created BCC1002
Oct 07, 2017 6:22:05 PM Logs.Log generateLogFileServer
INFO: Account created BCC1003
Oct 07, 2017 6:48:58 PM Logs.Log generateLogFileServer
INFO: Account created QCC1000
Oct 07, 2017 6:48:58 PM Logs.Log generateLogFileServer
INFO: Account created QCC1001
Oct 07, 2017 6:48:58 PM Logs.Log generateLogFileServer
INFO: Account created QCC1002
Oct 07, 2017 6:48:58 PM Logs.Log generateLogFileServer
INFO: Field name change for QCC1000
Oct 07, 2017 6:52:25 PM Logs.Log generateLogFileServer
INFO: Account created QCC1000
Oct 07, 2017 6:52:25 PM Logs.Log generateLogFileServer
INFO: Account created QCC1001
Oct 07, 2017 6:52:25 PM Logs.Log generateLogFileServer
INFO: Account created QCC1002
Oct 07, 2017 6:52:25 PM Logs.Log generateLogFileServer
INFO: Field name change for QCC1000
Oct 07, 2017 6:52:54 PM Logs.Log generateLogFileServer
INFO: Deposit made for QCC1000
Oct 07, 2017 6:52:54 PM Logs.Log generateLogFileServer
INFO: Get balance for QCC1000
Oct 07, 2017 6:53:07 PM Logs.Log generateLogFileServer
INFO: Get balance for QCC1000
Oct 07, 2017 7:32:03 PM Logs.Log generateLogFileServer
INFO: Account created QCC1000
Oct 07, 2017 7:32:03 PM Logs.Log generateLogFileServer
INFO: Account created QCC1001
Oct 07, 2017 7:32:03 PM Logs.Log generateLogFileServer
INFO: Account created QCC1002
Oct 07, 2017 7:32:03 PM Logs.Log generateLogFileServer
INFO: Field name change for QCC1000
Oct 07, 2017 7:32:32 PM Logs.Log generateLogFileServer
INFO: Deposit made for QCC1000
Oct 07, 2017 7:32:32 PM Logs.Log generateLogFileServer
INFO: Get balance for QCC1000
Oct 07, 2017 7:33:15 PM Logs.Log generateLogFileServer
INFO: Get balance for QCC1000
Oct 07, 2017 7:33:53 PM Logs.Log generateLogFileServer
INFO: Get balance for QCC1000
Oct 07, 2017 7:34:17 PM Logs.Log generateLogFileServer
INFO: Deposit made for QCC1000
Oct 07, 2017 7:34:17 PM Logs.Log generateLogFileServer
INFO: Get balance for QCC1000
Oct 08, 2017 11:47:16 AM Logs.Log generateLogFileServer
INFO: Account created QCC1000
Oct 08, 2017 11:47:16 AM Logs.Log generateLogFileServer
INFO: Account created QCC1001
Oct 08, 2017 11:47:16 AM Logs.Log generateLogFileServer
INFO: Account created QCC1002
Oct 08, 2017 11:47:16 AM Logs.Log generateLogFileServer
INFO: Field name change for QCC1000
Oct 08, 2017 11:48:27 AM Logs.Log generateLogFileServer
INFO: Deposit made for QCC1000
Oct 08, 2017 11:48:27 AM Logs.Log generateLogFileServer
INFO: Get balance for QCC1000
Oct 08, 2017 11:48:43 AM Logs.Log generateLogFileServer
INFO: Get balance for QCC1000
Oct 08, 2017 6:15:32 PM Logs.Log generateLogFileServer
INFO: Account created QCC1000
Oct 08, 2017 6:15:32 PM Logs.Log generateLogFileServer
INFO: Account created QCC1001
Oct 08, 2017 6:15:32 PM Logs.Log generateLogFileServer
INFO: Account created QCC1002
Oct 08, 2017 6:15:32 PM Logs.Log generateLogFileServer
INFO: Field name change for QCC1000
Oct 08, 2017 6:16:28 PM Logs.Log generateLogFileServer
INFO: Deposit made for QCC1000
Oct 08, 2017 6:16:28 PM Logs.Log generateLogFileServer
INFO: Get balance for QCC1000
Oct 08, 2017 6:17:00 PM Logs.Log generateLogFileServer
INFO: Get balance for QCC1000
Oct 08, 2017 11:21:52 PM Logs.Log generateLogFileServer
INFO: Account created QCC1000
Oct 08, 2017 11:21:52 PM Logs.Log generateLogFileServer
INFO: Account created QCC1001
Oct 08, 2017 11:21:53 PM Logs.Log generateLogFileServer
INFO: Account created QCC1002
Oct 08, 2017 11:21:53 PM Logs.Log generateLogFileServer
INFO: Field name change for QCC1000
Oct 08, 2017 11:22:17 PM Logs.Log generateLogFileServer
INFO: Deposit made for QCC1000
Oct 08, 2017 11:22:17 PM Logs.Log generateLogFileServer
INFO: Get balance for QCC1000
Oct 08, 2017 11:22:26 PM Logs.Log generateLogFileServer
INFO: Get balance for QCC1000
Oct 10, 2017 4:02:31 PM Logs.Log generateLogFileServer
INFO: Account created QCC1000
Oct 10, 2017 4:02:31 PM Logs.Log generateLogFileServer
INFO: Account created QCC1001
Oct 10, 2017 4:02:31 PM Logs.Log generateLogFileServer
INFO: Account created QCC1002
Oct 10, 2017 4:02:31 PM Logs.Log generateLogFileServer
INFO: Field name change for QCC1000
Oct 10, 2017 4:03:28 PM Logs.Log generateLogFileServer
INFO: Deposit made for QCC1000
Oct 10, 2017 4:03:28 PM Logs.Log generateLogFileServer
INFO: Get balance for QCC1000
Oct 10, 2017 4:03:41 PM Logs.Log generateLogFileServer
INFO: Get balance for QCC1000
Oct 10, 2017 4:09:29 PM Logs.Log generateLogFileServer
INFO: Account created QCC1003
Oct 10, 2017 4:09:50 PM Logs.Log generateLogFileServer
INFO: Account created QCC1004
Oct 10, 2017 4:10:02 PM Logs.Log generateLogFileServer
INFO: Get balance for QCC1000
Oct 10, 2017 4:50:07 PM Logs.Log generateLogFileServer
INFO: Account created QCC1005
Oct 10, 2017 4:50:07 PM Logs.Log generateLogFileServer
INFO: Account created QCC1006
Oct 10, 2017 4:50:07 PM Logs.Log generateLogFileServer
INFO: Account created QCC1007
Oct 10, 2017 4:50:07 PM Logs.Log generateLogFileServer
INFO: Field name change for QCC1000
Oct 10, 2017 4:50:27 PM Logs.Log generateLogFileServer
INFO: Get balance for QCC1000
Oct 10, 2017 4:50:27 PM Logs.Log generateLogFileServer
INFO: Withdraw  QCC1000
Oct 10, 2017 4:50:27 PM Logs.Log generateLogFileServer
INFO: Get balance for QCC1000
Oct 10, 2017 4:50:48 PM Logs.Log generateLogFileServer
INFO: Get balance for QCC1003
Oct 10, 2017 4:50:48 PM Logs.Log generateLogFileServer
INFO: Withdraw  QCC1003
Oct 10, 2017 4:50:48 PM Logs.Log generateLogFileServer
INFO: Get balance for QCC1003
Oct 10, 2017 5:48:09 PM Logs.Log generateLogFileServer
INFO: Account created QCC1000
Oct 10, 2017 5:48:09 PM Logs.Log generateLogFileServer
INFO: Account created QCC1001
Oct 10, 2017 5:48:09 PM Logs.Log generateLogFileServer
INFO: Account created QCC1002
Oct 10, 2017 5:48:09 PM Logs.Log generateLogFileServer
INFO: Field name change for QCC1000
Oct 10, 2017 5:56:52 PM Logs.Log generateLogFileServer
INFO: Account created QCC1000
Oct 10, 2017 5:57:09 PM Logs.Log generateLogFileServer
INFO: Account created QCC1001
